Computer Wars © 2020 CasualYouTuber31
---------------
Event Log:
[2020-09-11 00:20:41.600] [json_script_0] [info] Loading JSON script assets/lang/lang.json...
[2020-09-11 00:20:41.602] [json_script_3] [info] Loading JSON script ./assets/lang/ENG_GB.json...
[2020-09-11 00:20:41.604] [json_script_3] [info] Finished loading JSON script ./assets/lang/ENG_GB.json.
[2020-09-11 00:20:41.604] [json_script_0] [info] Finished loading JSON script assets/lang/lang.json.
[2020-09-11 00:20:41.604] [json_script_6] [info] Loading JSON script assets/fonts/fonts.json...
[2020-09-11 00:20:41.606] [json_script_6] [info] Finished loading JSON script assets/fonts/fonts.json.
[2020-09-11 00:20:41.606] [json_script_9] [info] Loading JSON script assets/audio/sound/audiosound.json...
[2020-09-11 00:20:42.132] [json_script_9] [info] Finished loading JSON script assets/audio/sound/audiosound.json.
[2020-09-11 00:20:42.134] [json_script_12] [info] Loading JSON script assets/audio/music/audiomusic.json...
[2020-09-11 00:20:42.145] [json_script_12] [info] Finished loading JSON script assets/audio/music/audiomusic.json.
[2020-09-11 00:20:42.341] [json_script_15] [info] Loading JSON script assets/renderer/renderer.json...
[2020-09-11 00:20:42.346] [json_script_15] [info] Finished loading JSON script assets/renderer/renderer.json.
[2020-09-11 00:20:42.346] [json_script_18] [info] Loading JSON script assets/userinput/userinput.json...
[2020-09-11 00:20:42.535] [user_input_19] [info] Attempted to set a joystick with ID 0 that wasn't connected, resetting the ID to 0.
[2020-09-11 00:20:42.539] [json_script_18] [info] Finished loading JSON script assets/userinput/userinput.json.
[2020-09-11 00:20:42.540] [json_script_21] [info] Loading JSON script assets/sprites/co/spritesco.json...
[2020-09-11 00:20:42.573] [json_script_21] [info] Finished loading JSON script assets/sprites/co/spritesco.json.
[2020-09-11 00:20:42.573] [json_script_24] [info] Loading JSON script assets/sprites/unit/idle/spritesunitidle.json...
[2020-09-11 00:20:42.775] [json_script_24] [info] Finished loading JSON script assets/sprites/unit/idle/spritesunitidle.json.
[2020-09-11 00:20:42.802] [json_script_27] [info] Loading JSON script assets/sprites/tile/normal/spritestilenormal.json...
[2020-09-11 00:20:42.895] [json_script_27] [info] Finished loading JSON script assets/sprites/tile/normal/spritestilenormal.json.
[2020-09-11 00:20:42.915] [json_script_30] [info] Loading JSON script assets/sprites/unit_picture/spritesunit_picture.json...
[2020-09-11 00:20:42.915] [json_script_30] [error] Failed to open JSON script "assets/sprites/unit_picture/spritesunit_picture.json" for reading.
[2020-09-11 00:20:42.915] [json_script_32] [info] Loading JSON script assets/sprites/tile_picture/normal/spritestile_picturenormal.json...
[2020-09-11 00:20:42.915] [json_script_32] [error] Failed to open JSON script "assets/sprites/tile_picture/normal/spritestile_picturenormal.json" for reading.
[2020-09-11 00:20:42.915] [json_script_34] [info] Loading JSON script assets/sprites/icon/spritesicon.json...
[2020-09-11 00:20:42.915] [json_script_34] [error] Failed to open JSON script "assets/sprites/icon/spritesicon.json" for reading.
[2020-09-11 00:20:42.916] [json_script_36] [info] Loading JSON script assets/sprites/gui/spritesgui.json...
[2020-09-11 00:20:43.150] [json_script_36] [info] Finished loading JSON script assets/sprites/gui/spritesgui.json.
[2020-09-11 00:20:43.175] [scripts_39] [info] Registering script interface...
[2020-09-11 00:20:43.175] [scripts_39] [info] Finished registering script interface.
[2020-09-11 00:20:43.175] [scripts_39] [info] Loading scripts from "assets/script/"...
[2020-09-11 00:20:43.185] [scripts_39] [info] Finished loading scripts.
[2020-09-11 00:20:43.199] [json_script_40] [info] Loading JSON script assets/gui/gui.json...
[2020-09-11 00:20:43.260] [json_script_40] [info] Finished loading JSON script assets/gui/gui.json.
[2020-09-11 00:20:43.260] [json_script_44] [info] Loading JSON script assets/property/country.json...
[2020-09-11 00:20:43.284] [json_script_44] [info] Finished loading JSON script assets/property/country.json.
[2020-09-11 00:20:43.287] [json_script_63] [info] Loading JSON script assets/property/weather.json...
[2020-09-11 00:20:43.294] [json_script_63] [info] Finished loading JSON script assets/property/weather.json.
[2020-09-11 00:20:43.294] [json_script_72] [info] Loading JSON script assets/property/environment.json...
[2020-09-11 00:20:43.298] [json_script_72] [info] Finished loading JSON script assets/property/environment.json.
[2020-09-11 00:20:43.299] [json_script_78] [info] Loading JSON script assets/property/movement.json...
[2020-09-11 00:20:43.307] [json_script_78] [info] Finished loading JSON script assets/property/movement.json.
[2020-09-11 00:20:43.308] [json_script_89] [info] Loading JSON script assets/property/terrain.json...
[2020-09-11 00:20:43.379] [json_script_89] [info] Finished loading JSON script assets/property/terrain.json.
[2020-09-11 00:20:43.384] [json_script_111] [info] Loading JSON script assets/property/tile.json...
[2020-09-11 00:20:43.386] [json_script_111] [info] Finished loading JSON script assets/property/tile.json.
[2020-09-11 00:20:43.386] [json_script_114] [info] Loading JSON script assets/property/unit.json...
[2020-09-11 00:20:43.522] [json_script_114] [info] Finished loading JSON script assets/property/unit.json.
[2020-09-11 00:20:43.530] [json_script_143] [info] Loading JSON script assets/property/co.json...
[2020-09-11 00:20:43.533] [json_script_143] [info] Finished loading JSON script assets/property/co.json.
